Run editorUpdateSyntax() for row: /*** includes ***/
Memory allocation and initialization for hl completed. 
Ready to process hl
scs: //, scs_len: 2
Processing: i = 0, row->rsize = 18, left string: /*** includes ***/
scs_len = 2, in_string = 0
Entering comment processing block. 
Comment processing complete. 
Processing: i = 1, row->rsize = 18, left string: *** includes ***/
scs_len = 2, in_string = 0
Entering comment processing block. 
Comment processing complete. 
Processing: i = 2, row->rsize = 18, left string: ** includes ***/
scs_len = 2, in_string = 0
Entering comment processing block. 
Comment processing complete. 
Processing: i = 3, row->rsize = 18, left string: * includes ***/
scs_len = 2, in_string = 0
Entering comment processing block. 
Comment processing complete. 
Processing: i = 4, row->rsize = 18, left string:  includes ***/
scs_len = 2, in_string = 0
Entering comment processing block. 
Comment processing complete. 
Processing: i = 5, row->rsize = 18, left string: includes ***/
scs_len = 2, in_string = 0
Entering comment processing block. 
Comment processing complete. 
Processing: i = 6, row->rsize = 18, left string: ncludes ***/
scs_len = 2, in_string = 0
Entering comment processing block. 
Comment processing complete. 
Processing: i = 7, row->rsize = 18, left string: cludes ***/
scs_len = 2, in_string = 0
Entering comment processing block. 
Comment processing complete. 
Processing: i = 8, row->rsize = 18, left string: ludes ***/
scs_len = 2, in_string = 0
Entering comment processing block. 
Comment processing complete. 
Processing: i = 9, row->rsize = 18, left string: udes ***/
scs_len = 2, in_string = 0
Entering comment processing block. 
Comment processing complete. 
Processing: i = 10, row->rsize = 18, left string: des ***/
scs_len = 2, in_string = 0
Entering comment processing block. 
Comment processing complete. 
Processing: i = 11, row->rsize = 18, left string: es ***/
scs_len = 2, in_string = 0
Entering comment processing block. 
Comment processing complete. 
Processing: i = 12, row->rsize = 18, left string: s ***/
scs_len = 2, in_string = 0
Entering comment processing block. 
Comment processing complete. 
Processing: i = 13, row->rsize = 18, left string:  ***/
scs_len = 2, in_string = 0
Entering comment processing block. 
Comment processing complete. 
Processing: i = 14, row->rsize = 18, left string: ***/
scs_len = 2, in_string = 0
Entering comment processing block. 
Comment processing complete. 
Processing: i = 15, row->rsize = 18, left string: **/
scs_len = 2, in_string = 0
Entering comment processing block. 
Comment processing complete. 
Processing: i = 16, row->rsize = 18, left string: */
scs_len = 2, in_string = 0
Entering comment processing block. 
Comment processing complete. 
Processing: i = 17, row->rsize = 18, left string: /
scs_len = 2, in_string = 0
Entering comment processing block. 
Comment processing complete. 
Run editorUpdateSyntax() for row: 
Memory allocation and initialization for hl completed. 
Ready to process hl
scs: //, scs_len: 2
Run editorUpdateSyntax() for row: #define _DEFAULT_SOURCE
Memory allocation and initialization for hl completed. 
Ready to process hl
scs: //, scs_len: 2
Processing: i = 0, row->rsize = 23, left string: #define _DEFAULT_SOURCE
scs_len = 2, in_string = 0
Entering comment processing block. 
Comment processing complete. 
Processing: i = 1, row->rsize = 23, left string: define _DEFAULT_SOURCE
scs_len = 2, in_string = 0
Entering comment processing block. 
Comment processing complete. 
Processing: i = 2, row->rsize = 23, left string: efine _DEFAULT_SOURCE
scs_len = 2, in_string = 0
Entering comment processing block. 
Comment processing complete. 
Processing: i = 3, row->rsize = 23, left string: fine _DEFAULT_SOURCE
scs_len = 2, in_string = 0
Entering comment processing block. 
Comment processing complete. 
Processing: i = 4, row->rsize = 23, left string: ine _DEFAULT_SOURCE
scs_len = 2, in_string = 0
Entering comment processing block. 
Comment processing complete. 
Processing: i = 5, row->rsize = 23, left string: ne _DEFAULT_SOURCE
scs_len = 2, in_string = 0
Entering comment processing block. 
Comment processing complete. 
Processing: i = 6, row->rsize = 23, left string: e _DEFAULT_SOURCE
scs_len = 2, in_string = 0
Entering comment processing block. 
Comment processing complete. 
Processing: i = 7, row->rsize = 23, left string:  _DEFAULT_SOURCE
scs_len = 2, in_string = 0
Entering comment processing block. 
Comment processing complete. 
Processing: i = 8, row->rsize = 23, left string: _DEFAULT_SOURCE
scs_len = 2, in_string = 0
Entering comment processing block. 
Comment processing complete. 
Processing: i = 9, row->rsize = 23, left string: DEFAULT_SOURCE
scs_len = 2, in_string = 0
Entering comment processing block. 
Comment processing complete. 
Processing: i = 10, row->rsize = 23, left string: EFAULT_SOURCE
scs_len = 2, in_string = 0
Entering comment processing block. 
Comment processing complete. 
Processing: i = 11, row->rsize = 23, left string: FAULT_SOURCE
scs_len = 2, in_string = 0
Entering comment processing block. 
Comment processing complete. 
Processing: i = 12, row->rsize = 23, left string: AULT_SOURCE
scs_len = 2, in_string = 0
Entering comment processing block. 
Comment processing complete. 
Processing: i = 13, row->rsize = 23, left string: ULT_SOURCE
scs_len = 2, in_string = 0
Entering comment processing block. 
Comment processing complete. 
Processing: i = 14, row->rsize = 23, left string: LT_SOURCE
scs_len = 2, in_string = 0
Entering comment processing block. 
Comment processing complete. 
Processing: i = 15, row->rsize = 23, left string: T_SOURCE
scs_len = 2, in_string = 0
Entering comment processing block. 
Comment processing complete. 
Processing: i = 16, row->rsize = 23, left string: _SOURCE
scs_len = 2, in_string = 0
Entering comment processing block. 
Comment processing complete. 
Processing: i = 17, row->rsize = 23, left string: SOURCE
scs_len = 2, in_string = 0
Entering comment processing block. 
Comment processing complete. 
Processing: i = 18, row->rsize = 23, left string: OURCE
scs_len = 2, in_string = 0
Entering comment processing block. 
Comment processing complete. 
Processing: i = 19, row->rsize = 23, left string: URCE
scs_len = 2, in_string = 0
Entering comment processing block. 
Comment processing complete. 
Processing: i = 20, row->rsize = 23, left string: RCE
scs_len = 2, in_string = 0
Entering comment processing block. 
Comment processing complete. 
Processing: i = 21, row->rsize = 23, left string: CE
scs_len = 2, in_string = 0
Entering comment processing block. 
Comment processing complete. 
Processing: i = 22, row->rsize = 23, left string: E
scs_len = 2, in_string = 0
Entering comment processing block. 
Comment processing complete. 
Run editorUpdateSyntax() for row: #define _BSD_SOURCE
Memory allocation and initialization for hl completed. 
Ready to process hl
scs: //, scs_len: 2
Processing: i = 0, row->rsize = 19, left string: #define _BSD_SOURCE
scs_len = 2, in_string = 0
Entering comment processing block. 
Comment processing complete. 
Processing: i = 1, row->rsize = 19, left string: define _BSD_SOURCE
scs_len = 2, in_string = 0
Entering comment processing block. 
Comment processing complete. 
Processing: i = 2, row->rsize = 19, left string: efine _BSD_SOURCE
scs_len = 2, in_string = 0
Entering comment processing block. 
Comment processing complete. 
Processing: i = 3, row->rsize = 19, left string: fine _BSD_SOURCE
scs_len = 2, in_string = 0
Entering comment processing block. 
Comment processing complete. 
Processing: i = 4, row->rsize = 19, left string: ine _BSD_SOURCE
scs_len = 2, in_string = 0
Entering comment processing block. 
Comment processing complete. 
Processing: i = 5, row->rsize = 19, left string: ne _BSD_SOURCE
scs_len = 2, in_string = 0
Entering comment processing block. 
Comment processing complete. 
Processing: i = 6, row->rsize = 19, left string: e _BSD_SOURCE
scs_len = 2, in_string = 0
Entering comment processing block. 
Comment processing complete. 
Processing: i = 7, row->rsize = 19, left string:  _BSD_SOURCE
scs_len = 2, in_string = 0
Entering comment processing block. 
Comment processing complete. 
Processing: i = 8, row->rsize = 19, left string: _BSD_SOURCE
scs_len = 2, in_string = 0
Entering comment processing block. 
Comment processing complete. 
Processing: i = 9, row->rsize = 19, left string: BSD_SOURCE
scs_len = 2, in_string = 0
Entering comment processing block. 
Comment processing complete. 
Processing: i = 10, row->rsize = 19, left string: SD_SOURCE
scs_len = 2, in_string = 0
Entering comment processing block. 
Comment processing complete. 
Processing: i = 11, row->rsize = 19, left string: D_SOURCE
scs_len = 2, in_string = 0
Entering comment processing block. 
Comment processing complete. 
Processing: i = 12, row->rsize = 19, left string: _SOURCE
scs_len = 2, in_string = 0
Entering comment processing block. 
Comment processing complete. 
Processing: i = 13, row->rsize = 19, left string: SOURCE
scs_len = 2, in_string = 0
Entering comment processing block. 
Comment processing complete. 
Processing: i = 14, row->rsize = 19, left string: OURCE
scs_len = 2, in_string = 0
Entering comment processing block. 
Comment processing complete. 
Processing: i = 15, row->rsize = 19, left string: URCE
scs_len = 2, in_string = 0
Entering comment processing block. 
Comment processing complete. 
Processing: i = 16, row->rsize = 19, left string: RCE
scs_len = 2, in_string = 0
Entering comment processing block. 
Comment processing complete. 
Processing: i = 17, row->rsize = 19, left string: CE
scs_len = 2, in_string = 0
Entering comment processing block. 
Comment processing complete. 
Processing: i = 18, row->rsize = 19, left string: E
scs_len = 2, in_string = 0
Entering comment processing block. 
Comment processing complete. 
Run editorUpdateSyntax() for row: #define _GNU_SOURCE
Memory allocation and initialization for hl completed. 
Ready to process hl
scs: //, scs_len: 2
Processing: i = 0, row->rsize = 19, left string: #define _GNU_SOURCE
scs_len = 2, in_string = 0
Entering comment processing block. 
Comment processing complete. 
Processing: i = 1, row->rsize = 19, left string: define _GNU_SOURCE
scs_len = 2, in_string = 0
Entering comment processing block. 
Comment processing complete. 
Processing: i = 2, row->rsize = 19, left string: efine _GNU_SOURCE
scs_len = 2, in_string = 0
Entering comment processing block. 
Comment processing complete. 
Processing: i = 3, row->rsize = 19, left string: fine _GNU_SOURCE
scs_len = 2, in_string = 0
Entering comment processing block. 
Comment processing complete. 
Processing: i = 4, row->rsize = 19, left string: ine _GNU_SOURCE
scs_len = 2, in_string = 0
Entering comment processing block. 
Comment processing complete. 
Processing: i = 5, row->rsize = 19, left string: ne _GNU_SOURCE
scs_len = 2, in_string = 0
Entering comment processing block. 
Comment processing complete. 
Processing: i = 6, row->rsize = 19, left string: e _GNU_SOURCE
scs_len = 2, in_string = 0
Entering comment processing block. 
Comment processing complete. 
Processing: i = 7, row->rsize = 19, left string:  _GNU_SOURCE
scs_len = 2, in_string = 0
Entering comment processing block. 
Comment processing complete. 
Processing: i = 8, row->rsize = 19, left string: _GNU_SOURCE
scs_len = 2, in_string = 0
Entering comment processing block. 
Comment processing complete. 
Processing: i = 9, row->rsize = 19, left string: GNU_SOURCE
scs_len = 2, in_string = 0
Entering comment processing block. 
Comment processing complete. 
Processing: i = 10, row->rsize = 19, left string: NU_SOURCE
scs_len = 2, in_string = 0
Entering comment processing block. 
Comment processing complete. 
Processing: i = 11, row->rsize = 19, left string: U_SOURCE
scs_len = 2, in_string = 0
Entering comment processing block. 
Comment processing complete. 
Processing: i = 12, row->rsize = 19, left string: _SOURCE
scs_len = 2, in_string = 0
Entering comment processing block. 
Comment processing complete. 
Processing: i = 13, row->rsize = 19, left string: SOURCE
scs_len = 2, in_string = 0
Entering comment processing block. 
Comment processing complete. 
Processing: i = 14, row->rsize = 19, left string: OURCE
scs_len = 2, in_string = 0
Entering comment processing block. 
Comment processing complete. 
Processing: i = 15, row->rsize = 19, left string: URCE
scs_len = 2, in_string = 0
Entering comment processing block. 
Comment processing complete. 
Processing: i = 16, row->rsize = 19, left string: RCE
scs_len = 2, in_string = 0
Entering comment processing block. 
Comment processing complete. 
Processing: i = 17, row->rsize = 19, left string: CE
scs_len = 2, in_string = 0
Entering comment processing block. 
Comment processing complete. 
Processing: i = 18, row->rsize = 19, left string: E
scs_len = 2, in_string = 0
Entering comment processing block. 
Comment processing complete. 
Run editorUpdateSyntax() for row: // test comment
Memory allocation and initialization for hl completed. 
Ready to process hl
scs: //, scs_len: 2
Processing: i = 0, row->rsize = 15, left string: // test comment
scs_len = 2, in_string = 0
Entering comment processing block. 
Run editorUpdateSyntax() for row: #include <ctype.h>  // test comment
Memory allocation and initialization for hl completed. 
Ready to process hl
scs: //, scs_len: 2
Processing: i = 0, row->rsize = 35, left string: #include <ctype.h>  // test comment
scs_len = 2, in_string = 0
Entering comment processing block. 
Comment processing complete. 
Processing: i = 1, row->rsize = 35, left string: include <ctype.h>  // test comment
scs_len = 2, in_string = 0
Entering comment processing block. 
Comment processing complete. 
Processing: i = 2, row->rsize = 35, left string: nclude <ctype.h>  // test comment
scs_len = 2, in_string = 0
Entering comment processing block. 
Comment processing complete. 
Processing: i = 3, row->rsize = 35, left string: clude <ctype.h>  // test comment
scs_len = 2, in_string = 0
Entering comment processing block. 
Comment processing complete. 
Processing: i = 4, row->rsize = 35, left string: lude <ctype.h>  // test comment
scs_len = 2, in_string = 0
Entering comment processing block. 
Comment processing complete. 
Processing: i = 5, row->rsize = 35, left string: ude <ctype.h>  // test comment
scs_len = 2, in_string = 0
Entering comment processing block. 
Comment processing complete. 
Processing: i = 6, row->rsize = 35, left string: de <ctype.h>  // test comment
scs_len = 2, in_string = 0
Entering comment processing block. 
Comment processing complete. 
Processing: i = 7, row->rsize = 35, left string: e <ctype.h>  // test comment
scs_len = 2, in_string = 0
Entering comment processing block. 
Comment processing complete. 
Processing: i = 8, row->rsize = 35, left string:  <ctype.h>  // test comment
scs_len = 2, in_string = 0
Entering comment processing block. 
Comment processing complete. 
Processing: i = 9, row->rsize = 35, left string: <ctype.h>  // test comment
scs_len = 2, in_string = 0
Entering comment processing block. 
Comment processing complete. 
Processing: i = 10, row->rsize = 35, left string: ctype.h>  // test comment
scs_len = 2, in_string = 0
Entering comment processing block. 
Comment processing complete. 
Processing: i = 11, row->rsize = 35, left string: type.h>  // test comment
scs_len = 2, in_string = 0
Entering comment processing block. 
Comment processing complete. 
Processing: i = 12, row->rsize = 35, left string: ype.h>  // test comment
scs_len = 2, in_string = 0
Entering comment processing block. 
Comment processing complete. 
Processing: i = 13, row->rsize = 35, left string: pe.h>  // test comment
scs_len = 2, in_string = 0
Entering comment processing block. 
Comment processing complete. 
Processing: i = 14, row->rsize = 35, left string: e.h>  // test comment
scs_len = 2, in_string = 0
Entering comment processing block. 
Comment processing complete. 
Processing: i = 15, row->rsize = 35, left string: .h>  // test comment
scs_len = 2, in_string = 0
Entering comment processing block. 
Comment processing complete. 
Processing: i = 16, row->rsize = 35, left string: h>  // test comment
scs_len = 2, in_string = 0
Entering comment processing block. 
Comment processing complete. 
Processing: i = 17, row->rsize = 35, left string: >  // test comment
scs_len = 2, in_string = 0
Entering comment processing block. 
Comment processing complete. 
Processing: i = 18, row->rsize = 35, left string:   // test comment
scs_len = 2, in_string = 0
Entering comment processing block. 
Comment processing complete. 
Processing: i = 19, row->rsize = 35, left string:  // test comment
scs_len = 2, in_string = 0
Entering comment processing block. 
Comment processing complete. 
Processing: i = 20, row->rsize = 35, left string: // test comment
scs_len = 2, in_string = 0
Entering comment processing block. 
